{"C:\\Users\\Denis\\Desktop\\курсики\\objects2\\src\\index.js": {"path":"C:\\Users\\Denis\\Desktop\\курсики\\objects2\\src\\index.js","statementMap":{"0":{"start":{"line":2,"column":18},"end":{"line":2,"column":20}},"1":{"start":{"line":3,"column":4},"end":{"line":12,"column":5}},"2":{"start":{"line":4,"column":6},"end":{"line":4,"column":50}},"3":{"start":{"line":5,"column":6},"end":{"line":5,"column":50}},"4":{"start":{"line":6,"column":6},"end":{"line":6,"column":35}},"5":{"start":{"line":7,"column":11},"end":{"line":12,"column":5}},"6":{"start":{"line":8,"column":6},"end":{"line":8,"column":50}},"7":{"start":{"line":9,"column":6},"end":{"line":9,"column":34}},"8":{"start":{"line":11,"column":6},"end":{"line":11,"column":34}},"9":{"start":{"line":14,"column":4},"end":{"line":14,"column":17}}},"fnMap":{"0":{"name":"getSpecialAttack","decl":{"start":{"line":1,"column":24},"end":{"line":1,"column":40}},"loc":{"start":{"line":1,"column":60},"end":{"line":15,"column":3}},"line":1}},"branchMap":{"0":{"loc":{"start":{"line":3,"column":4},"end":{"line":12,"column":5}},"type":"if","locations":[{"start":{"line":3,"column":4},"end":{"line":12,"column":5}},{"start":{"line":7,"column":11},"end":{"line":12,"column":5}}],"line":3},"1":{"loc":{"start":{"line":3,"column":9},"end":{"line":3,"column":91}},"type":"binary-expr","locations":[{"start":{"line":3,"column":9},"end":{"line":3,"column":47}},{"start":{"line":3,"column":52},"end":{"line":3,"column":90}}],"line":3},"2":{"loc":{"start":{"line":7,"column":11},"end":{"line":12,"column":5}},"type":"if","locations":[{"start":{"line":7,"column":11},"end":{"line":12,"column":5}},{"start":{"line":10,"column":11},"end":{"line":12,"column":5}}],"line":7}},"s":{"0":3,"1":3,"2":1,"3":1,"4":1,"5":2,"6":1,"7":1,"8":1,"9":3},"f":{"0":3},"b":{"0":[1,2],"1":[3,1],"2":[1,1]},"_coverageSchema":"1a1c01bbd47fc00a2c39e90264f33305004495a9","hash":"1533860a78cb61feeb6fd58e6edf2f200e3a6c29"}
}
