{"C:\\Users\\Denis\\Desktop\\курсики\\objects2\\src\\index.js": {"path":"C:\\Users\\Denis\\Desktop\\курсики\\objects2\\src\\index.js","statementMap":{"0":{"start":{"line":2,"column":2},"end":{"line":5,"column":5}},"1":{"start":{"line":3,"column":50},"end":{"line":3,"column":54}},"2":{"start":{"line":4,"column":4},"end":{"line":4,"column":35}},"3":{"start":{"line":6,"column":2},"end":{"line":6,"column":17}}},"fnMap":{"0":{"name":"getSpecialAttack","decl":{"start":{"line":1,"column":24},"end":{"line":1,"column":40}},"loc":{"start":{"line":1,"column":54},"end":{"line":7,"column":1}},"line":1},"1":{"name":"(anonymous_1)","decl":{"start":{"line":2,"column":18},"end":{"line":2,"column":19}},"loc":{"start":{"line":2,"column":28},"end":{"line":5,"column":3}},"line":2}},"branchMap":{"0":{"loc":{"start":{"line":3,"column":11},"end":{"line":3,"column":46}},"type":"default-arg","locations":[{"start":{"line":3,"column":25},"end":{"line":3,"column":46}}],"line":3}},"s":{"0":1,"1":2,"2":2,"3":1},"f":{"0":1,"1":2},"b":{"0":[1]},"_coverageSchema":"1a1c01bbd47fc00a2c39e90264f33305004495a9","hash":"85b070d31990b7c7e67dc948cb3583f3bff00965"}
}
